{"/Users/thiagonogueira/Projects/frontend-universe/math/src/babelConfig.ts": {"path":"/Users/thiagonogueira/Projects/frontend-universe/math/src/babelConfig.ts","statementMap":{"0":{"start":{"line":1,"column":13},"end":{"line":9,"column":2}}},"fnMap":{},"branchMap":{},"s":{"0":1},"f":{},"b":{}}
,"/Users/thiagonogueira/Projects/frontend-universe/math/src/commitizenConfig.ts": {"path":"/Users/thiagonogueira/Projects/frontend-universe/math/src/commitizenConfig.ts","statementMap":{"0":{"start":{"line":1,"column":21},"end":{"line":52,"column":2}},"1":{"start":{"line":54,"column":13},"end":{"line":76,"column":2}}},"fnMap":{},"branchMap":{},"s":{"0":1,"1":1},"f":{},"b":{}}
,"/Users/thiagonogueira/Projects/frontend-universe/math/src/eslintConfig.ts": {"path":"/Users/thiagonogueira/Projects/frontend-universe/math/src/eslintConfig.ts","statementMap":{"0":{"start":{"line":1,"column":24},"end":{"line":24,"column":2}},"1":{"start":{"line":26,"column":13},"end":{"line":62,"column":2}},"2":{"start":{"line":64,"column":13},"end":{"line":108,"column":2}},"3":{"start":{"line":110,"column":13},"end":{"line":142,"column":2}}},"fnMap":{},"branchMap":{},"s":{"0":1,"1":1,"2":1,"3":1},"f":{},"b":{}}
,"/Users/thiagonogueira/Projects/frontend-universe/math/src/prettierConfig.ts": {"path":"/Users/thiagonogueira/Projects/frontend-universe/math/src/prettierConfig.ts","statementMap":{"0":{"start":{"line":1,"column":13},"end":{"line":22,"column":2}}},"fnMap":{},"branchMap":{},"s":{"0":1},"f":{},"b":{}}
}
